2021-03-02T14:02:48+00:00 CRITICAL Uncaught Error: Call to undefined function typeof() in /home/forestpaper/public_html/loja/wp-content/themes/forestloja/front-page.php:31
Stack trace:
#0 /home/forestpaper/public_html/loja/wp-includes/template-loader.php(106): include()
#1 /home/forestpaper/public_html/loja/wp-blog-header.php(19): require_once('/home/forestpap...')
#2 /home/forestpaper/public_html/loja/index.php(17): require('/home/forestpap...')
#3 {main}
  thrown, em /home/forestpaper/public_html/loja/wp-content/themes/forestloja/front-page.php, na linha 31

2021-03-02T14:02:49+00:00 CRITICAL Uncaught Error: Call to undefined function typeof() in /home/forestpaper/public_html/loja/wp-content/themes/forestloja/front-page.php:31
Stack trace:
#0 /home/forestpaper/public_html/loja/wp-includes/template-loader.php(106): include()
#1 /home/forestpaper/public_html/loja/wp-blog-header.php(19): require_once('/home/forestpap...')
#2 /home/forestpaper/public_html/loja/index.php(17): require('/home/forestpap...')
#3 {main}
  thrown, em /home/forestpaper/public_html/loja/wp-content/themes/forestloja/front-page.php, na linha 31

2021-03-02T14:36:57+00:00 CRITICAL Uncaught Error: Call to undefined method WP_Post::get_title() in /home/forestpaper/public_html/loja/wp-content/themes/forestloja/front-page.php:31
Stack trace:
#0 /home/forestpaper/public_html/loja/wp-includes/template-loader.php(106): include()
#1 /home/forestpaper/public_html/loja/wp-blog-header.php(19): require_once('/home/forestpap...')
#2 /home/forestpaper/public_html/loja/index.php(17): require('/home/forestpap...')
#3 {main}
  thrown, em /home/forestpaper/public_html/loja/wp-content/themes/forestloja/front-page.php, na linha 31

2021-03-02T14:36:57+00:00 CRITICAL Uncaught Error: Call to undefined method WP_Post::get_title() in /home/forestpaper/public_html/loja/wp-content/themes/forestloja/front-page.php:31
Stack trace:
#0 /home/forestpaper/public_html/loja/wp-includes/template-loader.php(106): include()
#1 /home/forestpaper/public_html/loja/wp-blog-header.php(19): require_once('/home/forestpap...')
#2 /home/forestpaper/public_html/loja/index.php(17): require('/home/forestpap...')
#3 {main}
  thrown, em /home/forestpaper/public_html/loja/wp-content/themes/forestloja/front-page.php, na linha 31

2021-03-02T14:37:30+00:00 CRITICAL Object of class WP_Post could not be converted to string, em /home/forestpaper/public_html/loja/wp-content/themes/forestloja/front-page.php, na linha 31

2021-03-02T14:37:30+00:00 CRITICAL Object of class WP_Post could not be converted to string, em /home/forestpaper/public_html/loja/wp-content/themes/forestloja/front-page.php, na linha 31

2021-03-02T14:46:52+00:00 CRITICAL Uncaught Error: Call to undefined method WC_Product_Variable::get_excerpt() in /home/forestpaper/public_html/loja/wp-content/themes/forestloja/front-page.php:32
Stack trace:
#0 /home/forestpaper/public_html/loja/wp-includes/template-loader.php(106): include()
#1 /home/forestpaper/public_html/loja/wp-blog-header.php(19): require_once('/home/forestpap...')
#2 /home/forestpaper/public_html/loja/index.php(17): require('/home/forestpap...')
#3 {main}
  thrown, em /home/forestpaper/public_html/loja/wp-content/themes/forestloja/front-page.php, na linha 32

2021-03-02T14:46:52+00:00 CRITICAL Uncaught Error: Call to undefined method WC_Product_Variable::get_excerpt() in /home/forestpaper/public_html/loja/wp-content/themes/forestloja/front-page.php:32
Stack trace:
#0 /home/forestpaper/public_html/loja/wp-includes/template-loader.php(106): include()
#1 /home/forestpaper/public_html/loja/wp-blog-header.php(19): require_once('/home/forestpap...')
#2 /home/forestpaper/public_html/loja/index.php(17): require('/home/forestpap...')
#3 {main}
  thrown, em /home/forestpaper/public_html/loja/wp-content/themes/forestloja/front-page.php, na linha 32

